0 info it worked if it ends with ok
1 verbose cli [ 'C:\\laragon\\bin\\nodejs\\node.exe',
1 verbose cli   'C:\\Users\\Sam\\AppData\\Roaming\\npm\\node_modules\\npm\\bin\\npm-cli.js',
1 verbose cli   'install' ]
2 info using npm@4.0.3
3 info using node@v7.2.0
4 silly loadCurrentTree Starting
5 silly install loadCurrentTree
6 silly install readLocalPackageData
7 silly install normalizeTree
8 silly loadCurrentTree Finishing
9 silly loadIdealTree Starting
10 silly install loadIdealTree
11 silly cloneCurrentTree Starting
12 silly install cloneCurrentTreeToIdealTree
13 silly cloneCurrentTree Finishing
14 silly loadShrinkwrap Starting
15 silly install loadShrinkwrap
16 silly loadShrinkwrap Finishing
17 silly loadAllDepsIntoIdealTree Starting
18 silly install loadAllDepsIntoIdealTree
19 silly fetchNamedPackageData axios
20 silly mapToRegistry name axios
21 silly mapToRegistry using default registry
22 silly mapToRegistry registry https://registry.npmjs.org/
23 silly mapToRegistry data Result {
23 silly mapToRegistry   raw: 'axios',
23 silly mapToRegistry   scope: null,
23 silly mapToRegistry   escapedName: 'axios',
23 silly mapToRegistry   name: 'axios',
23 silly mapToRegistry   rawSpec: '',
23 silly mapToRegistry   spec: 'latest',
23 silly mapToRegistry   type: 'tag' }
24 silly mapToRegistry uri https://registry.npmjs.org/axios
25 silly fetchNamedPackageData bootstrap-sass
26 silly mapToRegistry name bootstrap-sass
27 silly mapToRegistry using default registry
28 silly mapToRegistry registry https://registry.npmjs.org/
29 silly mapToRegistry data Result {
29 silly mapToRegistry   raw: 'bootstrap-sass',
29 silly mapToRegistry   scope: null,
29 silly mapToRegistry   escapedName: 'bootstrap-sass',
29 silly mapToRegistry   name: 'bootstrap-sass',
29 silly mapToRegistry   rawSpec: '',
29 silly mapToRegistry   spec: 'latest',
29 silly mapToRegistry   type: 'tag' }
30 silly mapToRegistry uri https://registry.npmjs.org/bootstrap-sass
31 silly fetchNamedPackageData jquery
32 silly mapToRegistry name jquery
33 silly mapToRegistry using default registry
34 silly mapToRegistry registry https://registry.npmjs.org/
35 silly mapToRegistry data Result {
35 silly mapToRegistry   raw: 'jquery',
35 silly mapToRegistry   scope: null,
35 silly mapToRegistry   escapedName: 'jquery',
35 silly mapToRegistry   name: 'jquery',
35 silly mapToRegistry   rawSpec: '',
35 silly mapToRegistry   spec: 'latest',
35 silly mapToRegistry   type: 'tag' }
36 silly mapToRegistry uri https://registry.npmjs.org/jquery
37 silly fetchNamedPackageData laravel-mix
38 silly mapToRegistry name laravel-mix
39 silly mapToRegistry using default registry
40 silly mapToRegistry registry https://registry.npmjs.org/
41 silly mapToRegistry data Result {
41 silly mapToRegistry   raw: 'laravel-mix',
41 silly mapToRegistry   scope: null,
41 silly mapToRegistry   escapedName: 'laravel-mix',
41 silly mapToRegistry   name: 'laravel-mix',
41 silly mapToRegistry   rawSpec: '',
41 silly mapToRegistry   spec: 'latest',
41 silly mapToRegistry   type: 'tag' }
42 silly mapToRegistry uri https://registry.npmjs.org/laravel-mix
43 silly fetchNamedPackageData lodash
44 silly mapToRegistry name lodash
45 silly mapToRegistry using default registry
46 silly mapToRegistry registry https://registry.npmjs.org/
47 silly mapToRegistry data Result {
47 silly mapToRegistry   raw: 'lodash',
47 silly mapToRegistry   scope: null,
47 silly mapToRegistry   escapedName: 'lodash',
47 silly mapToRegistry   name: 'lodash',
47 silly mapToRegistry   rawSpec: '',
47 silly mapToRegistry   spec: 'latest',
47 silly mapToRegistry   type: 'tag' }
48 silly mapToRegistry uri https://registry.npmjs.org/lodash
49 silly fetchNamedPackageData vue
50 silly mapToRegistry name vue
51 silly mapToRegistry using default registry
52 silly mapToRegistry registry https://registry.npmjs.org/
53 silly mapToRegistry data Result {
53 silly mapToRegistry   raw: 'vue',
53 silly mapToRegistry   scope: null,
53 silly mapToRegistry   escapedName: 'vue',
53 silly mapToRegistry   name: 'vue',
53 silly mapToRegistry   rawSpec: '',
53 silly mapToRegistry   spec: 'latest',
53 silly mapToRegistry   type: 'tag' }
54 silly mapToRegistry uri https://registry.npmjs.org/vue
55 verbose request uri https://registry.npmjs.org/laravel-mix
56 verbose request no auth needed
57 info attempt registry request try #1 at 9:17:51 AM
58 verbose request id 0c3905fcc21a7ef2
59 http request GET https://registry.npmjs.org/laravel-mix
60 info retry will retry, error on last attempt: Error: getaddrinfo ENOTFOUND registry.npmjs.org registry.npmjs.org:443
61 verbose request uri https://registry.npmjs.org/jquery
62 verbose request no auth needed
63 info attempt registry request try #1 at 9:17:51 AM
64 verbose etag W/"58824d99-1488a"
65 verbose lastModified Fri, 20 Jan 2017 17:49:13 GMT
66 http request GET https://registry.npmjs.org/jquery
67 verbose request uri https://registry.npmjs.org/bootstrap-sass
68 verbose request no auth needed
69 info attempt registry request try #1 at 9:17:51 AM
70 verbose etag W/"584f7dea-7083"
71 verbose lastModified Tue, 13 Dec 2016 04:49:46 GMT
72 http request GET https://registry.npmjs.org/bootstrap-sass
73 info retry will retry, error on last attempt: Error: getaddrinfo ENOTFOUND registry.npmjs.org registry.npmjs.org:443
74 info retry will retry, error on last attempt: Error: getaddrinfo ENOTFOUND registry.npmjs.org registry.npmjs.org:443
75 verbose request uri https://registry.npmjs.org/axios
76 verbose request no auth needed
77 info attempt registry request try #1 at 9:17:52 AM
78 verbose etag W/"58822b5e-14295"
79 verbose lastModified Fri, 20 Jan 2017 15:23:10 GMT
80 http request GET https://registry.npmjs.org/axios
81 info retry will retry, error on last attempt: Error: getaddrinfo ENOTFOUND registry.npmjs.org registry.npmjs.org:443
82 verbose request uri https://registry.npmjs.org/lodash
83 verbose request no auth needed
84 info attempt registry request try #1 at 9:17:52 AM
85 verbose etag W/"58ab9983-28f6c"
86 verbose lastModified Tue, 21 Feb 2017 01:36:03 GMT
87 http request GET https://registry.npmjs.org/lodash
88 info retry will retry, error on last attempt: Error: getaddrinfo ENOTFOUND registry.npmjs.org registry.npmjs.org:443
89 verbose request uri https://registry.npmjs.org/vue
90 verbose request no auth needed
91 info attempt registry request try #1 at 9:17:52 AM
92 verbose etag W/"58824d79-6fa4c"
93 verbose lastModified Fri, 20 Jan 2017 17:48:41 GMT
94 http request GET https://registry.npmjs.org/vue
95 info retry will retry, error on last attempt: Error: getaddrinfo ENOTFOUND registry.npmjs.org registry.npmjs.org:443
96 info attempt registry request try #2 at 9:18:01 AM
97 http request GET https://registry.npmjs.org/laravel-mix
98 info retry will retry, error on last attempt: Error: getaddrinfo ENOTFOUND registry.npmjs.org registry.npmjs.org:443
99 info attempt registry request try #2 at 9:18:01 AM
100 verbose etag W/"58824d99-1488a"
101 verbose lastModified Fri, 20 Jan 2017 17:49:13 GMT
102 http request GET https://registry.npmjs.org/jquery
103 info retry will retry, error on last attempt: Error: getaddrinfo ENOTFOUND registry.npmjs.org registry.npmjs.org:443
104 info attempt registry request try #2 at 9:18:02 AM
105 verbose etag W/"584f7dea-7083"
106 verbose lastModified Tue, 13 Dec 2016 04:49:46 GMT
107 http request GET https://registry.npmjs.org/bootstrap-sass
108 info retry will retry, error on last attempt: Error: getaddrinfo ENOTFOUND registry.npmjs.org registry.npmjs.org:443
109 info attempt registry request try #2 at 9:18:02 AM
110 verbose etag W/"58822b5e-14295"
111 verbose lastModified Fri, 20 Jan 2017 15:23:10 GMT
112 http request GET https://registry.npmjs.org/axios
113 info retry will retry, error on last attempt: Error: getaddrinfo ENOTFOUND registry.npmjs.org registry.npmjs.org:443
114 info attempt registry request try #2 at 9:18:02 AM
115 verbose etag W/"58ab9983-28f6c"
116 verbose lastModified Tue, 21 Feb 2017 01:36:03 GMT
117 http request GET https://registry.npmjs.org/lodash
118 info retry will retry, error on last attempt: Error: getaddrinfo ENOTFOUND registry.npmjs.org registry.npmjs.org:443
119 info attempt registry request try #2 at 9:18:02 AM
120 verbose etag W/"58824d79-6fa4c"
121 verbose lastModified Fri, 20 Jan 2017 17:48:41 GMT
122 http request GET https://registry.npmjs.org/vue
123 info retry will retry, error on last attempt: Error: getaddrinfo ENOTFOUND registry.npmjs.org registry.npmjs.org:443
124 info attempt registry request try #3 at 9:19:01 AM
125 http request GET https://registry.npmjs.org/laravel-mix
126 silly fetchPackageMetaData Error: getaddrinfo ENOTFOUND registry.npmjs.org registry.npmjs.org:443
126 silly fetchPackageMetaData     at errnoException (dns.js:28:10)
126 silly fetchPackageMetaData     at GetAddrInfoReqWrap.onlookup [as oncomplete] (dns.js:76:26)
126 silly fetchPackageMetaData  error for laravel-mix@^0.6.0 { Error: getaddrinfo ENOTFOUND registry.npmjs.org registry.npmjs.org:443
126 silly fetchPackageMetaData     at errnoException (dns.js:28:10)
126 silly fetchPackageMetaData     at GetAddrInfoReqWrap.onlookup [as oncomplete] (dns.js:76:26)
126 silly fetchPackageMetaData   code: 'ENOTFOUND',
126 silly fetchPackageMetaData   errno: 'ENOTFOUND',
126 silly fetchPackageMetaData   syscall: 'getaddrinfo',
126 silly fetchPackageMetaData   hostname: 'registry.npmjs.org',
126 silly fetchPackageMetaData   host: 'registry.npmjs.org',
126 silly fetchPackageMetaData   port: 443 }
127 info attempt registry request try #3 at 9:19:02 AM
128 verbose etag W/"58824d99-1488a"
129 verbose lastModified Fri, 20 Jan 2017 17:49:13 GMT
130 http request GET https://registry.npmjs.org/jquery
131 info attempt registry request try #3 at 9:19:02 AM
132 verbose etag W/"584f7dea-7083"
133 verbose lastModified Tue, 13 Dec 2016 04:49:46 GMT
134 http request GET https://registry.npmjs.org/bootstrap-sass
135 silly get cb [ 304, undefined ]
136 verbose etag https://registry.npmjs.org/jquery from cache
137 verbose get saving jquery to C:\Users\Sam\AppData\Roaming\npm-cache\registry.npmjs.org\jquery\.cache.json
138 verbose correctMkdir C:\Users\Sam\AppData\Roaming\npm-cache correctMkdir not in flight; initializing
139 silly get cb [ 304, undefined ]
140 verbose etag https://registry.npmjs.org/bootstrap-sass from cache
141 verbose get saving bootstrap-sass to C:\Users\Sam\AppData\Roaming\npm-cache\registry.npmjs.org\bootstrap-sass\.cache.json
142 verbose correctMkdir C:\Users\Sam\AppData\Roaming\npm-cache correctMkdir already in flight; waiting
143 info attempt registry request try #3 at 9:19:02 AM
144 verbose etag W/"58822b5e-14295"
145 verbose lastModified Fri, 20 Jan 2017 15:23:10 GMT
146 http request GET https://registry.npmjs.org/axios
147 info attempt registry request try #3 at 9:19:02 AM
148 verbose etag W/"58ab9983-28f6c"
149 verbose lastModified Tue, 21 Feb 2017 01:36:03 GMT
150 http request GET https://registry.npmjs.org/lodash
151 silly get cb [ 304, undefined ]
152 verbose etag https://registry.npmjs.org/axios from cache
153 verbose get saving axios to C:\Users\Sam\AppData\Roaming\npm-cache\registry.npmjs.org\axios\.cache.json
154 verbose correctMkdir C:\Users\Sam\AppData\Roaming\npm-cache correctMkdir not in flight; initializing
155 silly get cb [ 304, undefined ]
156 verbose etag https://registry.npmjs.org/lodash from cache
157 verbose get saving lodash to C:\Users\Sam\AppData\Roaming\npm-cache\registry.npmjs.org\lodash\.cache.json
158 verbose correctMkdir C:\Users\Sam\AppData\Roaming\npm-cache correctMkdir not in flight; initializing
159 info attempt registry request try #3 at 9:19:02 AM
160 verbose etag W/"58824d79-6fa4c"
161 verbose lastModified Fri, 20 Jan 2017 17:48:41 GMT
162 http request GET https://registry.npmjs.org/vue
163 silly get cb [ 304, undefined ]
164 verbose etag https://registry.npmjs.org/vue from cache
165 verbose get saving vue to C:\Users\Sam\AppData\Roaming\npm-cache\registry.npmjs.org\vue\.cache.json
166 verbose correctMkdir C:\Users\Sam\AppData\Roaming\npm-cache correctMkdir not in flight; initializing
167 silly resolveWithNewModule jquery@3.1.1 checking installable status
168 silly cache add args [ 'jquery@^3.1.0', null ]
169 verbose cache add spec jquery@^3.1.0
170 silly cache add parsed spec Result {
170 silly cache add   raw: 'jquery@^3.1.0',
170 silly cache add   scope: null,
170 silly cache add   escapedName: 'jquery',
170 silly cache add   name: 'jquery',
170 silly cache add   rawSpec: '^3.1.0',
170 silly cache add   spec: '>=3.1.0 <4.0.0',
170 silly cache add   type: 'range' }
171 silly addNamed jquery@>=3.1.0 <4.0.0
172 verbose addNamed ">=3.1.0 <4.0.0" is a valid semver range for jquery
173 silly addNameRange { name: 'jquery', range: '>=3.1.0 <4.0.0', hasData: false }
174 silly mapToRegistry name jquery
175 silly mapToRegistry using default registry
176 silly mapToRegistry registry https://registry.npmjs.org/
177 silly mapToRegistry data Result {
177 silly mapToRegistry   raw: 'jquery',
177 silly mapToRegistry   scope: null,
177 silly mapToRegistry   escapedName: 'jquery',
177 silly mapToRegistry   name: 'jquery',
177 silly mapToRegistry   rawSpec: '',
177 silly mapToRegistry   spec: 'latest',
177 silly mapToRegistry   type: 'tag' }
178 silly mapToRegistry uri https://registry.npmjs.org/jquery
179 verbose addNameRange registry:https://registry.npmjs.org/jquery not in flight; fetching
180 silly resolveWithNewModule bootstrap-sass@3.3.7 checking installable status
181 silly cache add args [ 'bootstrap-sass@^3.3.7', null ]
182 verbose cache add spec bootstrap-sass@^3.3.7
183 silly cache add parsed spec Result {
183 silly cache add   raw: 'bootstrap-sass@^3.3.7',
183 silly cache add   scope: null,
183 silly cache add   escapedName: 'bootstrap-sass',
183 silly cache add   name: 'bootstrap-sass',
183 silly cache add   rawSpec: '^3.3.7',
183 silly cache add   spec: '>=3.3.7 <4.0.0',
183 silly cache add   type: 'range' }
184 silly addNamed bootstrap-sass@>=3.3.7 <4.0.0
185 verbose addNamed ">=3.3.7 <4.0.0" is a valid semver range for bootstrap-sass
186 silly addNameRange { name: 'bootstrap-sass',
186 silly addNameRange   range: '>=3.3.7 <4.0.0',
186 silly addNameRange   hasData: false }
187 silly mapToRegistry name bootstrap-sass
188 silly mapToRegistry using default registry
189 silly mapToRegistry registry https://registry.npmjs.org/
190 silly mapToRegistry data Result {
190 silly mapToRegistry   raw: 'bootstrap-sass',
190 silly mapToRegistry   scope: null,
190 silly mapToRegistry   escapedName: 'bootstrap-sass',
190 silly mapToRegistry   name: 'bootstrap-sass',
190 silly mapToRegistry   rawSpec: '',
190 silly mapToRegistry   spec: 'latest',
190 silly mapToRegistry   type: 'tag' }
191 silly mapToRegistry uri https://registry.npmjs.org/bootstrap-sass
192 verbose addNameRange registry:https://registry.npmjs.org/bootstrap-sass not in flight; fetching
193 verbose get https://registry.npmjs.org/jquery not expired, no request
194 silly addNameRange number 2 { name: 'jquery', range: '>=3.1.0 <4.0.0', hasData: true }
195 silly addNameRange versions [ 'jquery',
195 silly addNameRange   [ '1.5.1',
195 silly addNameRange     '1.6.2',
195 silly addNameRange     '1.6.3',
195 silly addNameRange     '1.7.2',
195 silly addNameRange     '1.7.3',
195 silly addNameRange     '1.8.2',
195 silly addNameRange     '1.8.3',
195 silly addNameRange     '2.1.0-beta2',
195 silly addNameRange     '2.1.0-beta3',
195 silly addNameRange     '1.11.0-beta3',
195 silly addNameRange     '1.11.0-rc1',
195 silly addNameRange     '2.1.0-rc1',
195 silly addNameRange     '1.11.0',
195 silly addNameRange     '2.1.0',
195 silly addNameRange     '2.1.1-beta1',
195 silly addNameRange     '1.11.1-beta1',
195 silly addNameRange     '2.1.1-rc1',
195 silly addNameRange     '1.11.1-rc1',
195 silly addNameRange     '2.1.1-rc2',
195 silly addNameRange     '1.11.1-rc2',
195 silly addNameRange     '2.1.1',
195 silly addNameRange     '1.11.1',
195 silly addNameRange     '1.9.1',
195 silly addNameRange     '2.1.2',
195 silly addNameRange     '1.11.2',
195 silly addNameRange     '2.1.3',
195 silly addNameRange     '2.1.4',
195 silly addNameRange     '1.11.3',
195 silly addNameRange     '3.0.0-alpha1',
195 silly addNameRange     '1.12.0',
195 silly addNameRange     '2.2.0',
195 silly addNameRange     '3.0.0-beta1',
195 silly addNameRange     '1.12.1',
195 silly addNameRange     '2.2.1',
195 silly addNameRange     '1.12.2',
195 silly addNameRange     '2.2.2',
195 silly addNameRange     '1.12.3',
195 silly addNameRange     '2.2.3',
195 silly addNameRange     '1.12.4',
195 silly addNameRange     '2.2.4',
195 silly addNameRange     '3.0.0-rc1',
195 silly addNameRange     '3.0.0',
195 silly addNameRange     '3.1.0',
195 silly addNameRange     '3.1.1' ] ]
196 silly addNamed jquery@3.1.1
197 verbose addNamed "3.1.1" is a plain semver version for jquery
198 verbose get https://registry.npmjs.org/bootstrap-sass not expired, no request
199 silly addNameRange number 2 { name: 'bootstrap-sass',
199 silly addNameRange   range: '>=3.3.7 <4.0.0',
199 silly addNameRange   hasData: true }
200 silly addNameRange versions [ 'bootstrap-sass',
200 silly addNameRange   [ '2.3.2',
200 silly addNameRange     '3.1.1',
200 silly addNameRange     '3.2.0',
200 silly addNameRange     '3.3.0',
200 silly addNameRange     '3.3.1',
200 silly addNameRange     '3.3.2',
200 silly addNameRange     '3.3.3',
200 silly addNameRange     '3.3.4',
200 silly addNameRange     '3.3.5',
200 silly addNameRange     '3.3.6',
200 silly addNameRange     '3.3.7' ] ]
201 silly addNamed bootstrap-sass@3.3.7
202 verbose addNamed "3.3.7" is a plain semver version for bootstrap-sass
203 silly resolveWithNewModule axios@0.15.3 checking installable status
204 silly cache add args [ 'axios@^0.15.2', null ]
205 verbose cache add spec axios@^0.15.2
206 silly cache add parsed spec Result {
206 silly cache add   raw: 'axios@^0.15.2',
206 silly cache add   scope: null,
206 silly cache add   escapedName: 'axios',
206 silly cache add   name: 'axios',
206 silly cache add   rawSpec: '^0.15.2',
206 silly cache add   spec: '>=0.15.2 <0.16.0',
206 silly cache add   type: 'range' }
207 silly addNamed axios@>=0.15.2 <0.16.0
208 verbose addNamed ">=0.15.2 <0.16.0" is a valid semver range for axios
209 silly addNameRange { name: 'axios', range: '>=0.15.2 <0.16.0', hasData: false }
210 silly mapToRegistry name axios
211 silly mapToRegistry using default registry
212 silly mapToRegistry registry https://registry.npmjs.org/
213 silly mapToRegistry data Result {
213 silly mapToRegistry   raw: 'axios',
213 silly mapToRegistry   scope: null,
213 silly mapToRegistry   escapedName: 'axios',
213 silly mapToRegistry   name: 'axios',
213 silly mapToRegistry   rawSpec: '',
213 silly mapToRegistry   spec: 'latest',
213 silly mapToRegistry   type: 'tag' }
214 silly mapToRegistry uri https://registry.npmjs.org/axios
215 verbose addNameRange registry:https://registry.npmjs.org/axios not in flight; fetching
216 silly resolveWithNewModule lodash@4.17.4 checking installable status
217 silly cache add args [ 'lodash@^4.16.2', null ]
218 verbose cache add spec lodash@^4.16.2
219 silly cache add parsed spec Result {
219 silly cache add   raw: 'lodash@^4.16.2',
219 silly cache add   scope: null,
219 silly cache add   escapedName: 'lodash',
219 silly cache add   name: 'lodash',
219 silly cache add   rawSpec: '^4.16.2',
219 silly cache add   spec: '>=4.16.2 <5.0.0',
219 silly cache add   type: 'range' }
220 silly addNamed lodash@>=4.16.2 <5.0.0
221 verbose addNamed ">=4.16.2 <5.0.0" is a valid semver range for lodash
222 silly addNameRange { name: 'lodash', range: '>=4.16.2 <5.0.0', hasData: false }
223 silly mapToRegistry name lodash
224 silly mapToRegistry using default registry
225 silly mapToRegistry registry https://registry.npmjs.org/
226 silly mapToRegistry data Result {
226 silly mapToRegistry   raw: 'lodash',
226 silly mapToRegistry   scope: null,
226 silly mapToRegistry   escapedName: 'lodash',
226 silly mapToRegistry   name: 'lodash',
226 silly mapToRegistry   rawSpec: '',
226 silly mapToRegistry   spec: 'latest',
226 silly mapToRegistry   type: 'tag' }
227 silly mapToRegistry uri https://registry.npmjs.org/lodash
228 verbose addNameRange registry:https://registry.npmjs.org/lodash not in flight; fetching
229 silly resolveWithNewModule vue@2.1.10 checking installable status
230 silly cache add args [ 'vue@^2.0.1', null ]
231 verbose cache add spec vue@^2.0.1
232 silly cache add parsed spec Result {
232 silly cache add   raw: 'vue@^2.0.1',
232 silly cache add   scope: null,
232 silly cache add   escapedName: 'vue',
232 silly cache add   name: 'vue',
232 silly cache add   rawSpec: '^2.0.1',
232 silly cache add   spec: '>=2.0.1 <3.0.0',
232 silly cache add   type: 'range' }
233 silly addNamed vue@>=2.0.1 <3.0.0
234 verbose addNamed ">=2.0.1 <3.0.0" is a valid semver range for vue
235 silly addNameRange { name: 'vue', range: '>=2.0.1 <3.0.0', hasData: false }
236 silly mapToRegistry name vue
237 silly mapToRegistry using default registry
238 silly mapToRegistry registry https://registry.npmjs.org/
239 silly mapToRegistry data Result {
239 silly mapToRegistry   raw: 'vue',
239 silly mapToRegistry   scope: null,
239 silly mapToRegistry   escapedName: 'vue',
239 silly mapToRegistry   name: 'vue',
239 silly mapToRegistry   rawSpec: '',
239 silly mapToRegistry   spec: 'latest',
239 silly mapToRegistry   type: 'tag' }
240 silly mapToRegistry uri https://registry.npmjs.org/vue
241 verbose addNameRange registry:https://registry.npmjs.org/vue not in flight; fetching
242 silly cache afterAdd jquery@3.1.1
243 verbose afterAdd C:\Users\Sam\AppData\Roaming\npm-cache\jquery\3.1.1\package\package.json not in flight; writing
244 verbose correctMkdir C:\Users\Sam\AppData\Roaming\npm-cache correctMkdir not in flight; initializing
245 silly cache afterAdd bootstrap-sass@3.3.7
246 verbose afterAdd C:\Users\Sam\AppData\Roaming\npm-cache\bootstrap-sass\3.3.7\package\package.json not in flight; writing
247 verbose correctMkdir C:\Users\Sam\AppData\Roaming\npm-cache correctMkdir not in flight; initializing
248 verbose get https://registry.npmjs.org/axios not expired, no request
249 silly addNameRange number 2 { name: 'axios', range: '>=0.15.2 <0.16.0', hasData: true }
250 silly addNameRange versions [ 'axios',
250 silly addNameRange   [ '0.1.0',
250 silly addNameRange     '0.2.0',
250 silly addNameRange     '0.2.1',
250 silly addNameRange     '0.2.2',
250 silly addNameRange     '0.3.0',
250 silly addNameRange     '0.3.1',
250 silly addNameRange     '0.4.0',
250 silly addNameRange     '0.4.1',
250 silly addNameRange     '0.4.2',
250 silly addNameRange     '0.5.0',
250 silly addNameRange     '0.5.1',
250 silly addNameRange     '0.5.2',
250 silly addNameRange     '0.5.3',
250 silly addNameRange     '0.5.4',
250 silly addNameRange     '0.6.0',
250 silly addNameRange     '0.7.0',
250 silly addNameRange     '0.8.0',
250 silly addNameRange     '0.8.1',
250 silly addNameRange     '0.9.0',
250 silly addNameRange     '0.9.1',
250 silly addNameRange     '0.10.0',
250 silly addNameRange     '0.11.0',
250 silly addNameRange     '0.11.1',
250 silly addNameRange     '0.12.0',
250 silly addNameRange     '0.13.0',
250 silly addNameRange     '0.13.1',
250 silly addNameRange     '0.14.0',
250 silly addNameRange     '0.15.0',
250 silly addNameRange     '0.15.1',
250 silly addNameRange     '0.15.2',
250 silly addNameRange     '0.15.3' ] ]
251 silly addNamed axios@0.15.3
252 verbose addNamed "0.15.3" is a plain semver version for axios
253 verbose get https://registry.npmjs.org/lodash not expired, no request
254 silly addNameRange number 2 { name: 'lodash', range: '>=4.16.2 <5.0.0', hasData: true }
255 silly addNameRange versions [ 'lodash',
255 silly addNameRange   [ '0.1.0',
255 silly addNameRange     '0.2.0',
255 silly addNameRange     '0.2.1',
255 silly addNameRange     '0.2.2',
255 silly addNameRange     '0.3.0',
255 silly addNameRange     '0.3.1',
255 silly addNameRange     '0.3.2',
255 silly addNameRange     '0.4.0',
255 silly addNameRange     '0.4.1',
255 silly addNameRange     '0.4.2',
255 silly addNameRange     '0.5.0-rc.1',
255 silly addNameRange     '0.5.0',
255 silly addNameRange     '0.5.1',
255 silly addNameRange     '0.5.2',
255 silly addNameRange     '0.6.0',
255 silly addNameRange     '0.6.1',
255 silly addNameRange     '0.7.0',
255 silly addNameRange     '0.8.0',
255 silly addNameRange     '0.8.1',
255 silly addNameRange     '0.8.2',
255 silly addNameRange     '0.9.0',
255 silly addNameRange     '0.9.1',
255 silly addNameRange     '0.9.2',
255 silly addNameRange     '0.10.0',
255 silly addNameRange     '1.0.0-rc.1',
255 silly addNameRange     '1.0.0-rc.2',
255 silly addNameRange     '1.0.0-rc.3',
255 silly addNameRange     '1.0.0',
255 silly addNameRange     '1.0.1',
255 silly addNameRange     '1.1.0',
255 silly addNameRange     '1.1.1',
255 silly addNameRange     '1.2.0',
255 silly addNameRange     '1.2.1',
255 silly addNameRange     '1.3.0',
255 silly addNameRange     '1.3.1',
255 silly addNameRange     '2.0.0',
255 silly addNameRange     '2.1.0',
255 silly addNameRange     '2.2.0',
255 silly addNameRange     '2.2.1',
255 silly addNameRange     '2.3.0',
255 silly addNameRange     '2.4.0',
255 silly addNameRange     '2.4.1',
255 silly addNameRange     '3.0.0',
255 silly addNameRange     '3.0.1',
255 silly addNameRange     '3.1.0',
255 silly addNameRange     '3.2.0',
255 silly addNameRange     '3.3.0',
255 silly addNameRange     '3.3.1',
255 silly addNameRange     '3.4.0',
255 silly addNameRange     '3.5.0',
255 silly addNameRange     '3.6.0',
255 silly addNameRange     '1.0.2',
255 silly addNameRange     '3.7.0',
255 silly addNameRange     '2.4.2',
255 silly addNameRange     '3.8.0',
255 silly addNameRange     '3.9.0',
255 silly addNameRange     '3.9.1',
255 silly addNameRange     '3.9.2',
255 silly addNameRange     '3.9.3',
255 silly addNameRange     '3.10.0',
255 silly addNameRange     '3.10.1',
255 silly addNameRange     '4.0.0',
255 silly addNameRange     '4.0.1',
255 silly addNameRange     '4.1.0',
255 silly addNameRange     '4.2.0',
255 silly addNameRange     '4.2.1',
255 silly addNameRange     '4.3.0',
255 silly addNameRange     '4.4.0',
255 silly addNameRange     '4.5.0',
255 silly addNameRange     '4.5.1',
255 silly addNameRange     '4.6.0',
255 silly addNameRange     '4.6.1',
255 silly addNameRange     '4.7.0',
255 silly addNameRange     '4.8.0',
255 silly addNameRange     '4.8.1',
255 silly addNameRange     '4.8.2',
255 silly addNameRange     '4.9.0',
255 silly addNameRange     '4.10.0',
255 silly addNameRange     '4.11.0',
255 silly addNameRange     '4.11.1',
255 silly addNameRange     '4.11.2',
255 silly addNameRange     '4.12.0',
255 silly addNameRange     '4.13.0',
255 silly addNameRange     '4.13.1',
255 silly addNameRange     '4.14.0',
255 silly addNameRange     '4.14.1',
255 silly addNameRange     '4.14.2',
255 silly addNameRange     '4.15.0',
255 silly addNameRange     '4.16.0',
255 silly addNameRange     '4.16.1',
255 silly addNameRange     '4.16.2',
255 silly addNameRange     '4.16.3',
255 silly addNameRange     '4.16.4',
255 silly addNameRange     '4.16.5',
255 silly addNameRange     '4.16.6',
255 silly addNameRange     '4.17.0',
255 silly addNameRange     '4.17.1',
255 silly addNameRange     '4.17.2',
255 silly addNameRange     '4.17.3',
255 silly addNameRange     '4.17.4' ] ]
256 silly addNamed lodash@4.17.4
257 verbose addNamed "4.17.4" is a plain semver version for lodash
258 verbose get https://registry.npmjs.org/vue not expired, no request
259 silly addNameRange number 2 { name: 'vue', range: '>=2.0.1 <3.0.0', hasData: true }
260 silly addNameRange versions [ 'vue',
260 silly addNameRange   [ '0.0.0',
260 silly addNameRange     '0.6.0',
260 silly addNameRange     '0.7.0',
260 silly addNameRange     '0.7.1',
260 silly addNameRange     '0.7.3',
260 silly addNameRange     '0.7.4',
260 silly addNameRange     '0.7.5',
260 silly addNameRange     '0.7.6',
260 silly addNameRange     '0.8.0',
260 silly addNameRange     '0.8.1',
260 silly addNameRange     '0.8.2',
260 silly addNameRange     '0.8.3',
260 silly addNameRange     '0.8.4',
260 silly addNameRange     '0.8.6',
260 silly addNameRange     '0.8.7',
260 silly addNameRange     '0.8.8',
260 silly addNameRange     '0.9.0',
260 silly addNameRange     '0.9.1',
260 silly addNameRange     '0.9.2',
260 silly addNameRange     '0.9.3',
260 silly addNameRange     '0.10.0',
260 silly addNameRange     '0.10.1',
260 silly addNameRange     '0.10.2',
260 silly addNameRange     '0.10.3',
260 silly addNameRange     '0.10.4',
260 silly addNameRange     '0.10.5',
260 silly addNameRange     '0.10.6',
260 silly addNameRange     '0.11.0-rc',
260 silly addNameRange     '0.11.0-rc2',
260 silly addNameRange     '0.11.0-rc3',
260 silly addNameRange     '0.11.0',
260 silly addNameRange     '0.11.1',
260 silly addNameRange     '0.11.2',
260 silly addNameRange     '0.11.3',
260 silly addNameRange     '0.11.4',
260 silly addNameRange     '0.11.5',
260 silly addNameRange     '0.11.6',
260 silly addNameRange     '0.11.7',
260 silly addNameRange     '0.11.8',
260 silly addNameRange     '0.11.9',
260 silly addNameRange     '0.11.10',
260 silly addNameRange     '0.12.0-beta1',
260 silly addNameRange     '0.12.0-beta2',
260 silly addNameRange     '0.12.0-beta3',
260 silly addNameRange     '0.12.0-beta4',
260 silly addNameRange     '0.12.0-beta5',
260 silly addNameRange     '0.12.0-rc',
260 silly addNameRange     '0.12.0-rc2',
260 silly addNameRange     '0.12.0',
260 silly addNameRange     '0.12.0-csp',
260 silly addNameRange     '0.12.1',
260 silly addNameRange     '0.12.1-csp',
260 silly addNameRange     '0.12.1-csp.1',
260 silly addNameRange     '0.12.1-csp.2',
260 silly addNameRange     '0.12.2',
260 silly addNameRange     '0.12.3',
260 silly addNameRange     '0.12.4',
260 silly addNameRange     '0.12.5',
260 silly addNameRange     '0.12.5-csp',
260 silly addNameRange     '0.12.6',
260 silly addNameRange     '0.12.6-csp',
260 silly addNameRange     '0.12.7',
260 silly addNameRange     '0.12.7-csp',
260 silly addNameRange     '0.12.8',
260 silly addNameRange     '0.12.8-csp',
260 silly addNameRange     '0.12.9',
260 silly addNameRange     '0.12.9-csp',
260 silly addNameRange     '0.12.10',
260 silly addNameRange     '0.12.10-csp',
260 silly addNameRange     '0.12.11',
260 silly addNameRange     '0.12.11-csp',
260 silly addNameRange     '0.12.12',
260 silly addNameRange     '0.12.12-csp',
260 silly addNameRange     '1.0.0-alpha.1',
260 silly addNameRange     '1.0.0-alpha.2',
260 silly addNameRange     '0.12.13',
260 silly addNameRange     '0.12.13-csp',
260 silly addNameRange     '1.0.0-alpha.3',
260 silly addNameRange     '0.12.14',
260 silly addNameRange     '0.12.14-csp',
260 silly addNameRange     '1.0.0-alpha.4',
260 silly addNameRange     '0.12.15',
260 silly addNameRange     '0.12.15-csp',
260 silly addNameRange     '1.0.0-alpha.5',
260 silly addNameRange     '1.0.0-beta.1',
260 silly addNameRange     '0.12.16',
260 silly addNameRange     '0.12.16-csp',
260 silly addNameRange     '1.0.0-alpha.6',
260 silly addNameRange     '1.0.0-beta.2',
260 silly addNameRange     '1.0.0-alpha.7',
260 silly addNameRange     '1.0.0-beta.3',
260 silly addNameRange     '1.0.0-alpha.8',
260 silly addNameRange     '1.0.0-beta.4',
260 silly addNameRange     '1.0.0-rc.1',
260 silly addNameRange     '1.0.0-rc.2-migration',
260 silly addNameRange     '1.0.0-rc.2',
260 silly addNameRange     '1.0.0-csp',
260 silly addNameRange     '1.0.0-migration',
260 silly addNameRange     '1.0.0',
260 silly addNameRange     '1.0.1',
260 silly addNameRange     ... 91 more items ] ]
261 silly addNamed vue@2.1.10
262 verbose addNamed "2.1.10" is a plain semver version for vue
263 verbose afterAdd C:\Users\Sam\AppData\Roaming\npm-cache\bootstrap-sass\3.3.7\package\package.json written
264 verbose afterAdd C:\Users\Sam\AppData\Roaming\npm-cache\jquery\3.1.1\package\package.json written
265 silly cache afterAdd axios@0.15.3
266 verbose afterAdd C:\Users\Sam\AppData\Roaming\npm-cache\axios\0.15.3\package\package.json not in flight; writing
267 verbose correctMkdir C:\Users\Sam\AppData\Roaming\npm-cache correctMkdir not in flight; initializing
268 silly cache afterAdd lodash@4.17.4
269 verbose afterAdd C:\Users\Sam\AppData\Roaming\npm-cache\lodash\4.17.4\package\package.json not in flight; writing
270 verbose correctMkdir C:\Users\Sam\AppData\Roaming\npm-cache correctMkdir not in flight; initializing
271 verbose afterAdd C:\Users\Sam\AppData\Roaming\npm-cache\axios\0.15.3\package\package.json written
272 verbose afterAdd C:\Users\Sam\AppData\Roaming\npm-cache\lodash\4.17.4\package\package.json written
273 silly cache afterAdd vue@2.1.10
274 verbose afterAdd C:\Users\Sam\AppData\Roaming\npm-cache\vue\2.1.10\package\package.json not in flight; writing
275 verbose correctMkdir C:\Users\Sam\AppData\Roaming\npm-cache correctMkdir not in flight; initializing
276 verbose afterAdd C:\Users\Sam\AppData\Roaming\npm-cache\vue\2.1.10\package\package.json written
277 silly rollbackFailedOptional Starting
278 silly rollbackFailedOptional Finishing
279 silly runTopLevelLifecycles Finishing
280 silly install printInstalled
281 verbose stack Error: getaddrinfo ENOTFOUND registry.npmjs.org registry.npmjs.org:443
281 verbose stack     at errnoException (dns.js:28:10)
281 verbose stack     at GetAddrInfoReqWrap.onlookup [as oncomplete] (dns.js:76:26)
282 verbose cwd C:\laragon\www\mygame
283 error Windows_NT 6.3.9600
284 error argv "C:\\laragon\\bin\\nodejs\\node.exe" "C:\\Users\\Sam\\AppData\\Roaming\\npm\\node_modules\\npm\\bin\\npm-cli.js" "install"
285 error node v7.2.0
286 error npm  v4.0.3
287 error code ENOTFOUND
288 error errno ENOTFOUND
289 error syscall getaddrinfo
290 error network getaddrinfo ENOTFOUND registry.npmjs.org registry.npmjs.org:443
291 error network This is most likely not a problem with npm itself
291 error network and is related to network connectivity.
291 error network In most cases you are behind a proxy or have bad network settings.
291 error network
291 error network If you are behind a proxy, please make sure that the
291 error network 'proxy' config is set properly.  See: 'npm help config'
292 verbose exit [ 1, true ]
